李保杰|::1| |2016-10-12 10:39:38|登录管理后台。
李保杰|::1| |2016-10-12 10:39:38|分页进入用户中心->用户中心
李保杰|::1| |2016-10-12 10:39:40|分页进入用户中心->欢迎登录
李保杰|::1| |2016-10-12 10:39:40|分页进入用户中心->欢迎登录
李保杰|::1| |2016-10-12 10:39:40|分页进入用户中心->欢迎登录
李保杰|::1| |2016-10-12 10:39:43|分页进入系统管理->用户列表
李保杰|::1| |2016-10-12 10:39:43|分页进入系统管理->用户列表
李保杰|::1| |2016-10-12 10:39:43|分页进入系统管理->用户列表
李保杰|::1| |2016-10-12 10:39:45|分页进入系统管理->操作日志
李保杰|::1| |2016-10-12 10:39:45|分页进入系统管理->操作日志
李保杰|::1| |2016-10-12 10:39:45|分页进入系统管理->操作日志
李保杰|::1| |2016-10-12 10:39:45|分页进入系统管理->用户列表
李保杰|::1| |2016-10-12 10:39:45|分页进入系统管理->用户列表
李保杰|::1| |2016-10-12 10:39:45|分页进入系统管理->用户列表
李保杰|::1| |2016-10-12 10:39:46|分页进入系统管理->操作日志
李保杰|::1| |2016-10-12 10:39:46|分页进入系统管理->操作日志
李保杰|::1| |2016-10-12 10:39:46|分页进入系统管理->操作日志
李保杰|::1| |2016-10-12 10:39:47|分页进入系统管理->用户列表
李保杰|::1| |2016-10-12 10:39:47|分页进入系统管理->用户列表
李保杰|::1| |2016-10-12 10:39:47|分页进入系统管理->用户列表
