仇波|::1| |2016-09-29 13:47:04|登录管理后台。
仇波|::1| |2016-09-29 13:57:26|登录管理后台。
仇波|::1| |2016-09-29 15:06:30|登录管理后台。
仇波|::1| |2016-09-29 15:13:08|登录管理后台。
仇波|::1| |2016-09-29 16:46:49|点击进入用户中心->用户中心
仇波|::1| |2016-09-29 16:47:24|点击进入用户中心->用户中心
仇波|::1| |2016-09-29 16:47:24|点击进入用户中心->用户中心
仇波|::1| |2016-09-29 16:47:25|点击进入用户中心->用户中心
仇波|::1| |2016-09-29 16:47:25|点击进入用户中心->用户中心
仇波|::1| |2016-09-29 16:47:25|点击进入用户中心->用户中心
仇波|::1| |2016-09-29 16:49:10|分页进入用户中心->用户中心
仇波|::1| |2016-09-29 16:49:11|分页进入用户中心->用户中心
仇波|::1| |2016-09-29 16:49:11|分页进入用户中心->用户中心
仇波|::1| |2016-09-29 16:49:28|分页进入用户中心->用户中心
仇波|::1| |2016-09-29 16:49:58|分页进入用户中心->用户中心
仇波|::1| |2016-09-29 16:50:21|分页进入用户中心->用户中心
仇波|::1| |2016-09-29 16:50:41|分页进入用户中心->用户中心
仇波|::1| |2016-09-29 16:50:43|分页进入用户中心->用户中心
仇波|::1| |2016-09-29 16:50:43|分页进入用户中心->用户中心
仇波|::1| |2016-09-29 16:50:43|分页进入用户中心->用户中心
仇波|::1| |2016-09-29 16:50:43|分页进入用户中心->用户中心
仇波|::1| |2016-09-29 16:51:24|分页进入用户中心->用户中心
仇波|::1| |2016-09-29 17:03:53|分页进入用户中心->用户中心
仇波|::1| |2016-09-29 17:04:31|分页进入用户中心->用户中心
仇波|::1| |2016-09-29 17:04:32|分页进入用户中心->用户中心
仇波|::1| |2016-09-29 17:04:36|分页进入用户中心->用户中心
仇波|::1| |2016-09-29 17:05:04|分页进入用户中心->用户中心
仇波|::1| |2016-09-29 17:05:07|分页进入用户中心->用户中心
仇波|::1| |2016-09-29 17:06:29|分页进入用户中心->用户中心
仇波|::1| |2016-09-29 17:15:10|登录管理后台。
仇波|::1| |2016-09-29 17:15:10|分页进入用户中心->用户中心
仇波|::1| |2016-09-29 17:21:09|分页进入用户中心->用户中心
仇波|::1| |2016-09-29 17:21:10|分页进入用户中心->用户中心
仇波|::1| |2016-09-29 17:21:11|分页进入用户中心->用户中心
仇波|::1| |2016-09-29 17:21:11|分页进入用户中心->用户中心
仇波|::1| |2016-09-29 17:21:11|分页进入用户中心->用户中心
仇波|::1| |2016-09-29 17:21:15|分页进入用户中心->用户中心
仇波|::1| |2016-09-29 17:21:16|分页进入用户中心->用户中心
仇波|::1| |2016-09-29 17:21:16|分页进入用户中心->用户中心
仇波|::1| |2016-09-29 17:21:16|分页进入用户中心->用户中心
仇波|::1| |2016-09-29 17:21:17|分页进入用户中心->用户中心
仇波|::1| |2016-09-29 17:21:17|分页进入用户中心->用户中心
仇波|::1| |2016-09-29 17:21:17|分页进入用户中心->用户中心
仇波|::1| |2016-09-29 17:21:17|分页进入用户中心->用户中心
仇波|::1| |2016-09-29 17:21:18|分页进入用户中心->用户中心
仇波|::1| |2016-09-29 17:23:37|分页进入用户中心->用户中心
仇波|::1| |2016-09-29 17:23:37|分页进入用户中心->用户中心
仇波|::1| |2016-09-29 17:23:37|分页进入用户中心->用户中心
仇波|::1| |2016-09-29 17:23:38|分页进入用户中心->用户中心
仇波|::1| |2016-09-29 17:23:38|分页进入用户中心->用户中心
仇波|::1| |2016-09-29 17:23:38|分页进入用户中心->用户中心
仇波|::1| |2016-09-29 17:23:39|分页进入用户中心->用户中心
仇波|::1| |2016-09-29 17:23:39|分页进入用户中心->用户中心
仇波|::1| |2016-09-29 17:23:40|分页进入用户中心->用户中心
仇波|::1| |2016-09-29 17:23:40|分页进入用户中心->用户中心
仇波|::1| |2016-09-29 17:23:41|分页进入用户中心->用户中心
仇波|::1| |2016-09-29 17:23:41|分页进入用户中心->用户中心
仇波|::1| |2016-09-29 17:23:41|分页进入用户中心->用户中心
仇波|::1| |2016-09-29 17:23:41|分页进入用户中心->用户中心
仇波|::1| |2016-09-29 17:23:58|分页进入用户中心->用户中心
仇波|::1| |2016-09-29 17:27:23|分页进入用户中心->用户中心
仇波|::1| |2016-09-29 17:27:25|分页进入用户中心->用户中心
仇波|::1| |2016-09-29 17:27:25|分页进入用户中心->用户中心
仇波|::1| |2016-09-29 17:27:25|分页进入用户中心->用户中心
仇波|::1| |2016-09-29 17:27:25|分页进入用户中心->用户中心
仇波|::1| |2016-09-29 17:27:31|分页进入用户中心->用户中心
仇波|::1| |2016-09-29 17:27:32|分页进入用户中心->用户中心
仇波|::1| |2016-09-29 17:27:33|分页进入用户中心->用户中心
仇波|::1| |2016-09-29 17:27:33|分页进入用户中心->用户中心
仇波|::1| |2016-09-29 17:27:38|登录管理后台。
仇波|::1| |2016-09-29 17:27:38|分页进入用户中心->用户中心
仇波|::1| |2016-09-29 17:28:48|分页进入用户中心->用户中心
仇波|::1| |2016-09-29 17:28:52|分页进入用户中心->用户中心
仇波|::1| |2016-09-29 17:28:52|分页进入用户中心->用户中心
仇波|::1| |2016-09-29 17:28:52|分页进入用户中心->用户中心
仇波|::1| |2016-09-29 17:28:53|分页进入用户中心->用户中心
仇波|::1| |2016-09-29 17:28:53|分页进入用户中心->用户中心
仇波|::1| |2016-09-29 17:28:53|分页进入用户中心->用户中心
仇波|::1| |2016-09-29 17:28:53|分页进入用户中心->用户中心
仇波|::1| |2016-09-29 17:31:53|分页进入用户中心->用户中心
仇波|::1| |2016-09-29 17:33:36|分页进入用户中心->用户中心
仇波|::1| |2016-09-29 17:33:37|分页进入用户中心->用户中心
仇波|::1| |2016-09-29 17:33:37|分页进入用户中心->用户中心
仇波|::1| |2016-09-29 17:33:37|分页进入用户中心->用户中心
仇波|::1| |2016-09-29 17:33:37|分页进入用户中心->用户中心
仇波|::1| |2016-09-29 17:33:38|分页进入用户中心->用户中心
仇波|::1| |2016-09-29 17:33:38|分页进入用户中心->用户中心
仇波|::1| |2016-09-29 17:33:38|分页进入用户中心->用户中心
仇波|::1| |2016-09-29 17:33:38|分页进入用户中心->用户中心
仇波|::1| |2016-09-29 17:34:30|分页进入用户中心->用户中心
仇波|::1| |2016-09-29 17:34:55|分页进入用户中心->用户中心
仇波|::1| |2016-09-29 17:35:10|分页进入用户中心->用户中心
仇波|::1| |2016-09-29 18:01:53|分页进入用户中心->用户中心
仇波|::1| |2016-09-29 18:03:45|分页进入用户中心->用户中心
仇波|::1| |2016-09-29 18:03:45|分页进入用户中心->用户中心
仇波|::1| |2016-09-29 18:03:46|分页进入用户中心->用户中心
仇波|::1| |2016-09-29 18:03:46|分页进入用户中心->用户中心
仇波|::1| |2016-09-30 09:11:50|登录管理后台。
仇波|::1| |2016-09-30 09:11:50|分页进入用户中心->用户中心
仇波|::1| |2016-09-30 09:13:13|分页进入用户中心->用户中心
仇波|::1| |2016-09-30 09:21:25|分页进入用户中心->用户中心
仇波|::1| |2016-09-30 09:21:26|分页进入用户中心->用户中心
仇波|::1| |2016-09-30 09:21:26|分页进入用户中心->用户中心
仇波|::1| |2016-09-30 09:21:26|分页进入用户中心->用户中心
仇波|::1| |2016-09-30 09:21:26|分页进入用户中心->用户中心
仇波|::1| |2016-09-30 09:21:26|分页进入用户中心->用户中心
仇波|::1| |2016-09-30 09:21:27|分页进入用户中心->用户中心
仇波|::1| |2016-09-30 09:21:27|分页进入用户中心->用户中心
仇波|::1| |2016-09-30 11:21:10|登录管理后台。
仇波|::1| |2016-09-30 11:21:10|分页进入用户中心->用户中心
仇波|::1| |2016-09-30 11:29:26|分页进入用户中心->用户中心
仇波|::1| |2016-09-30 11:29:27|分页进入用户中心->用户中心
仇波|::1| |2016-09-30 11:29:27|分页进入用户中心->用户中心
仇波|::1| |2016-09-30 11:29:27|分页进入用户中心->用户中心
仇波|::1| |2016-09-30 11:29:27|分页进入用户中心->用户中心
仇波|::1| |2016-09-30 11:29:27|分页进入用户中心->用户中心
仇波|::1| |2016-09-30 11:29:28|分页进入用户中心->用户中心
仇波|::1| |2016-09-30 11:29:46|分页进入用户中心->用户中心
仇波|::1| |2016-09-30 11:30:05|分页进入用户中心->用户中心
仇波|::1| |2016-09-30 11:32:24|分页进入用户中心->用户中心
仇波|::1| |2016-09-30 11:32:32|分页进入用户中心->用户中心
仇波|::1| |2016-09-30 11:33:58|分页进入用户中心->用户中心
仇波|::1| |2016-09-30 11:33:59|分页进入用户中心->用户中心
仇波|::1| |2016-09-30 11:33:59|分页进入用户中心->用户中心
仇波|::1| |2016-09-30 11:33:59|分页进入用户中心->用户中心
仇波|::1| |2016-09-30 11:33:59|分页进入用户中心->用户中心
仇波|::1| |2016-09-30 11:34:00|分页进入用户中心->用户中心
仇波|::1| |2016-09-30 11:34:00|分页进入用户中心->用户中心
仇波|::1| |2016-09-30 11:34:53|分页进入用户中心->用户中心
仇波|::1| |2016-09-30 11:35:08|分页进入用户中心->用户中心
仇波|::1| |2016-09-30 11:35:08|分页进入用户中心->用户中心
仇波|::1| |2016-09-30 11:35:08|分页进入用户中心->用户中心
仇波|::1| |2016-09-30 11:35:09|分页进入用户中心->用户中心
仇波|::1| |2016-09-30 11:35:09|分页进入用户中心->用户中心
仇波|::1| |2016-09-30 11:35:09|分页进入用户中心->用户中心
仇波|::1| |2016-09-30 11:35:09|分页进入用户中心->用户中心
仇波|::1| |2016-09-30 11:35:10|分页进入用户中心->用户中心
仇波|::1| |2016-09-30 11:35:10|分页进入用户中心->用户中心
仇波|::1| |2016-09-30 11:35:10|分页进入用户中心->用户中心
仇波|::1| |2016-09-30 11:35:15|登录管理后台。
仇波|::1| |2016-09-30 11:35:15|分页进入用户中心->用户中心
仇波|::1| |2016-09-30 11:35:32|分页进入用户中心->用户中心
仇波|::1| |2016-09-30 11:35:58|分页进入用户中心->用户中心
仇波|::1| |2016-09-30 11:42:13|分页进入用户中心->用户中心
仇波|::1| |2016-09-30 11:42:57|分页进入用户中心->用户中心
仇波|::1| |2016-09-30 11:42:57|分页进入用户中心->用户中心
仇波|::1| |2016-09-30 11:42:57|分页进入用户中心->用户中心
仇波|::1| |2016-09-30 11:42:57|分页进入用户中心->用户中心
仇波|::1| |2016-09-30 11:42:58|分页进入用户中心->用户中心
仇波|::1| |2016-09-30 11:42:58|分页进入用户中心->用户中心
仇波|::1| |2016-09-30 11:42:58|分页进入用户中心->用户中心
仇波|::1| |2016-09-30 11:43:24|分页进入用户中心->用户中心
仇波|::1| |2016-09-30 11:44:17|分页进入用户中心->用户中心
仇波|::1| |2016-09-30 11:44:21|分页进入用户中心->用户中心
仇波|::1| |2016-09-30 11:44:21|分页进入用户中心->用户中心
仇波|::1| |2016-09-30 11:44:21|分页进入用户中心->用户中心
仇波|::1| |2016-09-30 11:44:21|分页进入用户中心->用户中心
仇波|::1| |2016-09-30 11:44:22|分页进入用户中心->用户中心
仇波|::1| |2016-09-30 11:44:22|分页进入用户中心->用户中心
仇波|::1| |2016-09-30 11:44:23|分页进入用户中心->用户中心
仇波|::1| |2016-09-30 11:46:23|分页进入用户中心->用户中心
仇波|::1| |2016-09-30 11:46:23|分页进入用户中心->用户中心
仇波|::1| |2016-09-30 11:46:24|分页进入用户中心->用户中心
仇波|::1| |2016-09-30 11:46:24|分页进入用户中心->用户中心
仇波|::1| |2016-09-30 11:46:24|分页进入用户中心->用户中心
仇波|::1| |2016-09-30 11:46:24|分页进入用户中心->用户中心
仇波|::1| |2016-09-30 11:46:25|分页进入用户中心->用户中心
仇波|::1| |2016-09-30 11:46:25|分页进入用户中心->用户中心
仇波|::1| |2016-09-30 11:46:25|分页进入用户中心->用户中心
仇波|::1| |2016-09-30 11:58:45|分页进入用户中心->用户中心
仇波|::1| |2016-09-30 12:00:02|分页进入用户中心->用户中心
仇波|::1| |2016-09-30 12:00:02|分页进入用户中心->用户中心
仇波|::1| |2016-09-30 12:00:08|登录管理后台。
仇波|::1| |2016-09-30 12:01:04|分页进入用户中心->用户中心
仇波|::1| |2016-09-30 12:01:07|分页进入用户中心->欢迎登录
仇波|::1| |2016-09-30 12:01:07|分页进入用户中心->欢迎登录
仇波|::1| |2016-09-30 13:33:51|分页进入用户中心->用户中心
仇波|::1| |2016-09-30 13:33:52|分页进入用户中心->用户中心
仇波|::1| |2016-09-30 13:33:54|分页进入用户中心->欢迎登录
仇波|::1| |2016-09-30 13:33:54|分页进入用户中心->欢迎登录
仇波|::1| |2016-09-30 13:37:28|分页进入用户中心->用户中心
仇波|::1| |2016-09-30 13:37:29|分页进入用户中心->用户中心
仇波|::1| |2016-09-30 13:37:29|分页进入用户中心->用户中心
仇波|::1| |2016-09-30 13:37:29|分页进入用户中心->用户中心
仇波|::1| |2016-09-30 13:37:30|分页进入用户中心->用户中心
仇波|::1| |2016-09-30 13:37:30|分页进入用户中心->用户中心
仇波|::1| |2016-09-30 13:37:30|分页进入用户中心->用户中心
仇波|::1| |2016-09-30 13:37:30|分页进入用户中心->用户中心
仇波|::1| |2016-09-30 13:37:31|分页进入用户中心->用户中心
仇波|::1| |2016-09-30 13:37:42|分页进入用户中心->用户中心
仇波|::1| |2016-09-30 13:39:52|分页进入用户中心->用户中心
仇波|::1| |2016-09-30 13:51:31|分页进入用户中心->用户中心
仇波|::1| |2016-09-30 13:51:32|分页进入用户中心->用户中心
仇波|::1| |2016-09-30 13:51:32|分页进入用户中心->用户中心
仇波|::1| |2016-09-30 13:51:48|分页进入用户中心->用户中心
仇波|::1| |2016-09-30 13:53:52|分页进入用户中心->用户中心
仇波|::1| |2016-09-30 14:04:31|分页进入用户中心->用户中心
仇波|::1| |2016-09-30 14:05:05|分页进入用户中心->用户中心
仇波|::1| |2016-09-30 14:08:25|分页进入用户中心->用户中心
仇波|::1| |2016-09-30 14:14:51|分页进入用户中心->用户中心
仇波|::1| |2016-09-30 14:16:24|分页进入用户中心->用户中心
仇波|::1| |2016-09-30 14:31:23|分页进入用户中心->用户中心
仇波|::1| |2016-09-30 14:31:48|分页进入用户中心->用户中心
仇波|::1| |2016-09-30 14:39:29|分页进入用户中心->用户中心
仇波|::1| |2016-09-30 14:41:05|分页进入用户中心->用户中心
仇波|::1| |2016-09-30 14:41:32|分页进入用户中心->用户中心
仇波|::1| |2016-09-30 14:41:55|分页进入用户中心->用户中心
仇波|::1| |2016-09-30 14:46:04|分页进入用户中心->用户中心
仇波|::1| |2016-09-30 14:47:30|分页进入用户中心->用户中心
仇波|::1| |2016-09-30 15:07:24|分页进入用户中心->用户中心
仇波|::1| |2016-09-30 15:07:28|分页进入用户中心->用户中心
仇波|::1| |2016-09-30 15:07:29|分页进入用户中心->用户中心
仇波|::1| |2016-09-30 15:07:29|分页进入用户中心->用户中心
仇波|::1| |2016-09-30 15:07:29|分页进入用户中心->用户中心
仇波|::1| |2016-09-30 15:07:33|分页进入用户中心->用户中心
仇波|::1| |2016-09-30 15:07:33|分页进入用户中心->用户中心
仇波|::1| |2016-09-30 15:07:33|分页进入用户中心->用户中心
仇波|::1| |2016-09-30 15:07:33|分页进入用户中心->用户中心
仇波|::1| |2016-09-30 15:07:34|分页进入用户中心->用户中心
仇波|::1| |2016-09-30 15:07:34|分页进入用户中心->用户中心
仇波|::1| |2016-09-30 15:07:34|分页进入用户中心->用户中心
仇波|::1| |2016-09-30 15:07:40|分页进入用户中心->用户中心
仇波|::1| |2016-09-30 15:07:41|分页进入用户中心->用户中心
仇波|::1| |2016-09-30 15:07:41|分页进入用户中心->用户中心
仇波|::1| |2016-09-30 15:07:41|分页进入用户中心->用户中心
仇波|::1| |2016-09-30 15:07:41|分页进入用户中心->用户中心
仇波|::1| |2016-09-30 15:07:54|登录管理后台。
仇波|::1| |2016-09-30 15:07:54|分页进入用户中心->用户中心
仇波|::1| |2016-09-30 15:08:14|分页进入用户中心->用户中心
仇波|::1| |2016-09-30 15:08:14|分页进入用户中心->用户中心
仇波|::1| |2016-09-30 15:08:15|分页进入用户中心->用户中心
仇波|::1| |2016-09-30 15:08:15|分页进入用户中心->用户中心
仇波|::1| |2016-09-30 15:08:36|分页进入用户中心->用户中心
仇波|::1| |2016-09-30 15:09:11|分页进入用户中心->用户中心
仇波|::1| |2016-09-30 15:09:11|分页进入用户中心->用户中心
仇波|::1| |2016-09-30 15:09:12|分页进入用户中心->用户中心
仇波|::1| |2016-09-30 15:09:12|分页进入用户中心->用户中心
仇波|::1| |2016-09-30 15:09:12|分页进入用户中心->用户中心
仇波|::1| |2016-09-30 15:09:12|分页进入用户中心->用户中心
仇波|::1| |2016-09-30 15:09:12|分页进入用户中心->用户中心
仇波|::1| |2016-09-30 15:10:14|分页进入用户中心->用户中心
仇波|::1| |2016-09-30 15:10:17|分页进入用户中心->用户中心
仇波|::1| |2016-09-30 15:10:23|分页进入用户中心->用户中心
仇波|::1| |2016-09-30 15:10:31|分页进入用户中心->用户中心
仇波|::1| |2016-09-30 15:10:33|分页进入用户中心->用户中心
仇波|::1| |2016-09-30 15:11:10|分页进入用户中心->用户中心
仇波|::1| |2016-09-30 15:11:11|分页进入用户中心->用户中心
仇波|::1| |2016-09-30 15:11:11|分页进入用户中心->用户中心
仇波|::1| |2016-09-30 15:11:36|分页进入用户中心->用户中心
仇波|::1| |2016-09-30 15:11:41|登录管理后台。
仇波|::1| |2016-09-30 15:11:41|分页进入用户中心->用户中心
仇波|::1| |2016-09-30 15:11:54|分页进入用户中心->用户中心
仇波|::1| |2016-09-30 15:13:28|登录管理后台。
仇波|::1| |2016-09-30 15:13:28|分页进入用户中心->用户中心
仇波|::1| |2016-09-30 15:14:26|登录管理后台。
仇波|::1| |2016-09-30 15:14:26|分页进入用户中心->用户中心
仇波|::1| |2016-09-30 15:17:34|分页进入用户中心->用户中心
仇波|::1| |2016-09-30 15:17:36|分页进入用户中心->用户中心
仇波|::1| |2016-09-30 15:17:36|分页进入用户中心->用户中心
仇波|::1| |2016-09-30 15:17:36|分页进入用户中心->用户中心
仇波|::1| |2016-09-30 15:19:31|分页进入用户中心->用户中心
仇波|127.0.0.1| |2016-09-30 15:20:52|登录管理后台。
仇波|127.0.0.1| |2016-09-30 15:20:52|分页进入用户中心->用户中心
仇波|127.0.0.1| |2016-09-30 15:27:35|分页进入用户中心->用户中心
仇波|::1| |2016-09-30 15:30:28|分页进入用户中心->用户中心
仇波|::1| |2016-09-30 15:30:33|分页进入用户中心->用户中心
仇波|::1| |2016-09-30 15:30:38|分页进入用户中心->用户中心
仇波|::1| |2016-09-30 15:32:08|分页进入用户中心->用户中心
仇波|::1| |2016-09-30 15:32:17|分页进入用户中心->用户中心
仇波|::1| |2016-09-30 15:32:21|分页进入用户中心->用户中心
仇波|::1| |2016-09-30 15:33:07|分页进入用户中心->用户中心
仇波|::1| |2016-09-30 15:33:08|分页进入用户中心->用户中心
仇波|::1| |2016-09-30 15:33:08|分页进入用户中心->用户中心
仇波|::1| |2016-09-30 15:33:12|登录管理后台。
仇波|::1| |2016-09-30 15:33:12|分页进入用户中心->用户中心
仇波|::1| |2016-09-30 15:33:17|分页进入用户中心->用户中心
仇波|::1| |2016-09-30 15:47:48|分页进入用户中心->用户中心
仇波|::1| |2016-09-30 15:48:04|分页进入用户中心->用户中心
仇波|::1| |2016-09-30 15:48:28|分页进入用户中心->用户中心
仇波|::1| |2016-09-30 15:49:04|分页进入用户中心->用户中心
仇波|::1| |2016-09-30 15:49:36|分页进入用户中心->用户中心
仇波|::1| |2016-09-30 15:50:16|分页进入用户中心->用户中心
仇波|::1| |2016-09-30 15:52:04|分页进入用户中心->用户中心
仇波|::1| |2016-09-30 15:52:31|分页进入用户中心->用户中心
仇波|::1| |2016-09-30 15:53:21|分页进入用户中心->用户中心
仇波|::1| |2016-09-30 15:54:36|分页进入用户中心->用户中心
仇波|::1| |2016-09-30 15:57:55|分页进入用户中心->用户中心
仇波|::1| |2016-09-30 15:58:07|分页进入用户中心->用户中心
仇波|::1| |2016-09-30 15:58:11|分页进入用户中心->用户中心
仇波|::1| |2016-09-30 16:24:00|分页进入用户中心->用户中心
仇波|::1| |2016-09-30 16:24:07|分页进入用户中心->用户中心
仇波|::1| |2016-09-30 16:48:28|分页进入用户中心->用户中心
仇波|::1| |2016-09-30 16:48:36|分页进入用户中心->用户中心
