仇波|::1| |2016-10-08 09:40:11|登录管理后台。
仇波|::1| |2016-10-08 09:40:11|分页进入用户中心->用户中心
仇波|::1| |2016-10-08 09:41:34|分页进入用户中心->用户中心
仇波|::1| |2016-10-08 09:42:11|分页进入用户中心->用户中心
仇波|::1| |2016-10-08 09:42:51|分页进入用户中心->用户中心
仇波|::1| |2016-10-08 09:42:55|登录管理后台。
仇波|::1| |2016-10-08 09:42:55|分页进入用户中心->用户中心
仇波|::1| |2016-10-08 09:44:25|分页进入用户中心->用户中心
仇波|::1| |2016-10-08 09:47:20|分页进入用户中心->用户中心
仇波|127.0.0.1| |2016-10-08 09:50:02|分页进入用户中心->用户中心
仇波|127.0.0.1| |2016-10-08 13:49:22|分页进入用户中心->用户中心
仇波|127.0.0.1| |2016-10-08 13:49:58|分页进入用户中心->用户中心
仇波|127.0.0.1| |2016-10-08 14:01:43|登录管理后台。
仇波|127.0.0.1| |2016-10-08 14:01:43|分页进入用户中心->用户中心
仇波|::1| |2016-10-08 14:02:15|登录管理后台。
仇波|::1| |2016-10-08 14:02:15|分页进入用户中心->用户中心
仇波|::1| |2016-10-08 14:03:29|登录管理后台。
仇波|::1| |2016-10-08 14:03:29|分页进入用户中心->用户中心
仇波|127.0.0.1| |2016-10-08 14:03:43|登录管理后台。
仇波|127.0.0.1| |2016-10-08 14:03:43|分页进入用户中心->用户中心
仇波|::1| |2016-10-08 14:08:29|分页进入用户中心->用户中心
仇波|127.0.0.1| |2016-10-08 14:09:13|分页进入用户中心->用户中心
仇波|127.0.0.1| |2016-10-08 14:14:24|登录管理后台。
仇波|127.0.0.1| |2016-10-08 14:14:24|分页进入用户中心->用户中心
仇波|127.0.0.1| |2016-10-08 14:57:37|登录管理后台。
仇波|127.0.0.1| |2016-10-08 14:57:37|分页进入用户中心->用户中心
仇波|127.0.0.1| |2016-10-08 15:04:07|登录管理后台。
仇波|127.0.0.1| |2016-10-08 15:04:07|分页进入用户中心->用户中心
仇波|127.0.0.1| |2016-10-08 15:07:12|分页进入用户中心->欢迎登录
仇波|127.0.0.1| |2016-10-08 15:07:15|分页进入用户中心->欢迎登录
仇波|127.0.0.1| |2016-10-08 15:07:31|分页进入用户中心->欢迎登录
仇波|127.0.0.1| |2016-10-08 15:07:32|分页进入用户中心->欢迎登录
仇波|127.0.0.1| |2016-10-08 15:07:34|分页进入用户中心->欢迎登录
仇波|127.0.0.1| |2016-10-08 15:07:35|分页进入用户中心->欢迎登录
仇波|127.0.0.1| |2016-10-08 15:07:35|分页进入用户中心->欢迎登录
仇波|127.0.0.1| |2016-10-08 15:07:45|分页进入用户中心->用户中心
仇波|127.0.0.1| |2016-10-08 15:07:46|分页进入用户中心->欢迎登录
仇波|127.0.0.1| |2016-10-08 15:07:46|分页进入用户中心->欢迎登录
仇波|127.0.0.1| |2016-10-08 15:09:28|分页进入用户中心->欢迎登录
仇波|127.0.0.1| |2016-10-08 15:16:46|分页进入用户中心->用户中心
仇波|::1| |2016-10-08 15:16:59|分页进入用户中心->用户中心
仇波|::1| |2016-10-08 15:19:03|分页进入用户中心->用户中心
仇波|::1| |2016-10-08 15:19:13|分页进入用户中心->用户中心
仇波|::1| |2016-10-08 15:19:46|分页进入用户中心->用户中心
仇波|::1| |2016-10-08 15:23:08|分页进入用户中心->用户中心
仇波|::1| |2016-10-08 15:23:55|分页进入用户中心->用户中心
仇波|::1| |2016-10-08 15:24:54|分页进入用户中心->用户中心
仇波|::1| |2016-10-08 15:42:41|分页进入用户中心->欢迎登录
仇波|::1| |2016-10-08 15:43:14|分页进入用户中心->欢迎登录
仇波|::1| |2016-10-08 15:43:55|分页进入用户中心->欢迎登录
仇波|::1| |2016-10-08 15:44:55|分页进入用户中心->欢迎登录
仇波|::1| |2016-10-08 15:47:42|分页进入用户中心->欢迎登录
仇波|::1| |2016-10-08 15:48:07|分页进入用户中心->欢迎登录
仇波|::1| |2016-10-08 15:48:08|分页进入用户中心->欢迎登录
仇波|::1| |2016-10-08 15:48:28|分页进入用户中心->欢迎登录
仇波|::1| |2016-10-08 15:48:38|分页进入用户中心->用户中心
仇波|::1| |2016-10-08 15:48:40|分页进入用户中心->用户中心
仇波|::1| |2016-10-08 15:48:50|分页进入用户中心->用户中心
仇波|::1| |2016-10-08 15:48:51|分页进入用户中心->用户中心
仇波|::1| |2016-10-08 15:49:18|分页进入用户中心->用户中心
仇波|::1| |2016-10-08 15:49:20|分页进入用户中心->用户中心
仇波|::1| |2016-10-08 15:49:21|分页进入用户中心->用户中心
仇波|::1| |2016-10-08 15:49:21|分页进入用户中心->用户中心
仇波|::1| |2016-10-08 15:49:22|分页进入用户中心->用户中心
仇波|::1| |2016-10-08 15:49:22|分页进入用户中心->用户中心
仇波|::1| |2016-10-08 15:49:22|分页进入用户中心->用户中心
仇波|::1| |2016-10-08 15:49:22|分页进入用户中心->用户中心
仇波|::1| |2016-10-08 15:49:23|分页进入用户中心->用户中心
仇波|::1| |2016-10-08 15:49:25|登录管理后台。
仇波|::1| |2016-10-08 15:49:25|分页进入用户中心->用户中心
仇波|::1| |2016-10-08 15:49:30|登录管理后台。
仇波|::1| |2016-10-08 15:49:30|分页进入用户中心->用户中心
仇波|::1| |2016-10-08 15:49:33|登录管理后台。
仇波|::1| |2016-10-08 15:49:33|分页进入用户中心->用户中心
仇波|::1| |2016-10-08 15:50:47|登录管理后台。
仇波|::1| |2016-10-08 15:50:47|分页进入用户中心->用户中心
仇波|::1| |2016-10-08 15:51:02|登录管理后台。
仇波|::1| |2016-10-08 15:51:02|分页进入用户中心->用户中心
仇波|127.0.0.1| |2016-10-08 15:51:08|登录管理后台。
仇波|127.0.0.1| |2016-10-08 15:51:08|分页进入用户中心->用户中心
仇波|::1| |2016-10-08 15:53:43|登录管理后台。
仇波|::1| |2016-10-08 15:53:43|分页进入用户中心->用户中心
仇波|::1| |2016-10-08 15:53:53|登录管理后台。
仇波|::1| |2016-10-08 15:53:53|分页进入用户中心->用户中心
仇波|::1| |2016-10-08 15:57:54|分页进入用户中心->用户中心
仇波|::1| |2016-10-08 16:02:58|分页进入用户中心->用户中心
仇波|::1| |2016-10-08 16:04:13|分页进入用户中心->用户中心
仇波|::1| |2016-10-08 16:04:18|登录管理后台。
仇波|::1| |2016-10-08 16:04:18|分页进入用户中心->用户中心
仇波|::1| |2016-10-08 16:06:44|分页进入用户中心->用户中心
仇波|::1| |2016-10-08 16:07:32|分页进入用户中心->用户中心
仇波|::1| |2016-10-08 16:15:20|分页进入用户中心->用户中心
仇波|::1| |2016-10-08 16:23:14|分页进入用户中心->用户中心
仇波|::1| |2016-10-08 16:23:41|分页进入用户中心->用户中心
仇波|::1| |2016-10-08 16:23:42|分页进入用户中心->用户中心
仇波|::1| |2016-10-08 16:23:42|分页进入用户中心->用户中心
仇波|::1| |2016-10-08 16:23:42|分页进入用户中心->用户中心
仇波|::1| |2016-10-08 16:23:43|分页进入用户中心->用户中心
仇波|::1| |2016-10-08 16:23:43|分页进入用户中心->用户中心
仇波|::1| |2016-10-08 16:24:20|分页进入用户中心->用户中心
仇波|::1| |2016-10-08 16:24:21|分页进入用户中心->用户中心
仇波|::1| |2016-10-08 16:24:32|分页进入用户中心->用户中心
仇波|::1| |2016-10-08 16:24:36|分页进入用户中心->用户中心
仇波|::1| |2016-10-08 16:24:46|分页进入用户中心->用户中心
仇波|::1| |2016-10-08 16:24:47|分页进入用户中心->用户中心
仇波|::1| |2016-10-08 16:24:47|分页进入用户中心->用户中心
仇波|::1| |2016-10-08 16:24:47|分页进入用户中心->用户中心
仇波|::1| |2016-10-08 16:24:47|分页进入用户中心->用户中心
仇波|::1| |2016-10-08 16:26:46|分页进入用户中心->用户中心
仇波|::1| |2016-10-08 16:27:28|分页进入用户中心->用户中心
仇波|::1| |2016-10-08 16:27:29|分页进入用户中心->用户中心
仇波|::1| |2016-10-08 16:27:29|分页进入用户中心->用户中心
仇波|::1| |2016-10-08 16:27:29|分页进入用户中心->用户中心
仇波|::1| |2016-10-08 16:27:29|分页进入用户中心->用户中心
仇波|::1| |2016-10-08 16:27:30|分页进入用户中心->用户中心
仇波|::1| |2016-10-08 16:27:30|分页进入用户中心->用户中心
仇波|::1| |2016-10-08 16:27:30|分页进入用户中心->用户中心
仇波|::1| |2016-10-08 16:27:30|分页进入用户中心->用户中心
仇波|::1| |2016-10-08 16:27:31|分页进入用户中心->用户中心
仇波|::1| |2016-10-08 16:27:31|分页进入用户中心->用户中心
仇波|::1| |2016-10-08 16:27:31|分页进入用户中心->用户中心
仇波|::1| |2016-10-08 16:27:32|分页进入用户中心->用户中心
仇波|::1| |2016-10-08 16:27:32|分页进入用户中心->用户中心
仇波|::1| |2016-10-08 16:27:32|分页进入用户中心->用户中心
仇波|::1| |2016-10-08 16:27:41|分页进入用户中心->用户中心
仇波|::1| |2016-10-08 16:27:42|分页进入用户中心->用户中心
仇波|::1| |2016-10-08 16:27:42|分页进入用户中心->用户中心
仇波|::1| |2016-10-08 16:28:50|分页进入用户中心->用户中心
仇波|::1| |2016-10-08 16:30:39|分页进入用户中心->用户中心
仇波|::1| |2016-10-08 16:30:40|分页进入用户中心->用户中心
仇波|::1| |2016-10-08 16:30:40|分页进入用户中心->用户中心
仇波|::1| |2016-10-08 16:30:40|分页进入用户中心->用户中心
仇波|::1| |2016-10-08 16:30:40|分页进入用户中心->用户中心
仇波|::1| |2016-10-08 16:30:40|分页进入用户中心->用户中心
仇波|::1| |2016-10-08 16:30:40|分页进入用户中心->用户中心
仇波|::1| |2016-10-08 16:30:41|分页进入用户中心->用户中心
仇波|::1| |2016-10-08 16:32:54|分页进入用户中心->用户中心
仇波|::1| |2016-10-08 16:32:55|分页进入用户中心->用户中心
仇波|::1| |2016-10-08 16:32:55|分页进入用户中心->用户中心
仇波|::1| |2016-10-08 16:32:55|分页进入用户中心->用户中心
仇波|::1| |2016-10-08 16:32:55|分页进入用户中心->用户中心
仇波|::1| |2016-10-08 16:33:29|分页进入用户中心->用户中心
仇波|::1| |2016-10-08 16:33:30|分页进入用户中心->用户中心
仇波|::1| |2016-10-08 16:33:30|分页进入用户中心->用户中心
仇波|::1| |2016-10-08 16:33:30|分页进入用户中心->用户中心
仇波|::1| |2016-10-08 16:33:31|分页进入用户中心->用户中心
仇波|::1| |2016-10-08 16:35:25|分页进入用户中心->用户中心
仇波|::1| |2016-10-08 16:35:25|分页进入用户中心->用户中心
仇波|::1| |2016-10-08 16:35:25|分页进入用户中心->用户中心
仇波|::1| |2016-10-08 16:35:26|分页进入用户中心->用户中心
仇波|::1| |2016-10-08 16:35:26|分页进入用户中心->用户中心
仇波|::1| |2016-10-08 16:35:26|分页进入用户中心->用户中心
仇波|::1| |2016-10-08 16:35:26|分页进入用户中心->用户中心
仇波|::1| |2016-10-08 16:37:51|分页进入用户中心->用户中心
仇波|::1| |2016-10-08 16:38:56|分页进入用户中心->用户中心
仇波|::1| |2016-10-08 16:38:57|分页进入用户中心->用户中心
仇波|::1| |2016-10-08 16:38:57|分页进入用户中心->用户中心
仇波|::1| |2016-10-08 16:38:57|分页进入用户中心->用户中心
仇波|::1| |2016-10-08 16:38:57|分页进入用户中心->用户中心
仇波|::1| |2016-10-08 16:38:58|分页进入用户中心->用户中心
仇波|::1| |2016-10-08 16:38:58|分页进入用户中心->用户中心
仇波|::1| |2016-10-08 16:39:16|分页进入用户中心->用户中心
仇波|::1| |2016-10-08 16:39:17|分页进入用户中心->用户中心
仇波|::1| |2016-10-08 16:39:17|分页进入用户中心->用户中心
仇波|::1| |2016-10-08 16:39:17|分页进入用户中心->用户中心
仇波|::1| |2016-10-08 16:39:18|分页进入用户中心->用户中心
仇波|::1| |2016-10-08 16:39:18|分页进入用户中心->用户中心
仇波|::1| |2016-10-08 16:39:18|分页进入用户中心->用户中心
仇波|::1| |2016-10-08 16:39:18|分页进入用户中心->用户中心
仇波|::1| |2016-10-08 16:39:19|分页进入用户中心->用户中心
仇波|::1| |2016-10-08 16:39:19|分页进入用户中心->用户中心
仇波|::1| |2016-10-08 16:39:19|分页进入用户中心->用户中心
仇波|::1| |2016-10-08 16:39:20|分页进入用户中心->用户中心
仇波|::1| |2016-10-08 16:39:20|分页进入用户中心->用户中心
仇波|::1| |2016-10-08 16:39:20|分页进入用户中心->用户中心
仇波|::1| |2016-10-08 16:39:20|分页进入用户中心->用户中心
仇波|::1| |2016-10-08 16:39:45|分页进入用户中心->用户中心
仇波|::1| |2016-10-08 16:39:46|分页进入用户中心->用户中心
仇波|::1| |2016-10-08 16:39:46|分页进入用户中心->用户中心
仇波|::1| |2016-10-08 16:39:46|分页进入用户中心->用户中心
仇波|::1| |2016-10-08 16:39:46|分页进入用户中心->用户中心
仇波|::1| |2016-10-08 16:42:50|分页进入用户中心->用户中心
仇波|::1| |2016-10-08 16:42:50|分页进入用户中心->用户中心
仇波|::1| |2016-10-08 16:42:51|分页进入用户中心->用户中心
仇波|::1| |2016-10-08 16:42:51|分页进入用户中心->用户中心
仇波|::1| |2016-10-08 16:48:07|分页进入用户中心->用户中心
仇波|::1| |2016-10-08 16:48:08|分页进入用户中心->用户中心
仇波|::1| |2016-10-08 16:48:08|分页进入用户中心->用户中心
仇波|::1| |2016-10-08 16:48:10|登录管理后台。
仇波|::1| |2016-10-08 16:48:10|分页进入用户中心->用户中心
仇波|::1| |2016-10-08 16:48:11|分页进入用户中心->用户中心
仇波|::1| |2016-10-08 16:48:12|分页进入用户中心->用户中心
仇波|::1| |2016-10-08 16:48:12|分页进入用户中心->用户中心
仇波|::1| |2016-10-08 17:00:53|分页进入用户中心->用户中心
仇波|::1| |2016-10-08 17:01:15|分页进入用户中心->用户中心
仇波|::1| |2016-10-08 17:10:54|分页进入用户中心->用户中心
仇波|::1| |2016-10-08 17:11:16|分页进入用户中心->用户中心
仇波|127.0.0.1| |2016-10-08 17:16:59|分页进入用户中心->欢迎登录
仇波|::1| |2016-10-08 17:21:54|分页进入用户中心->用户中心
仇波|::1| |2016-10-08 17:21:55|分页进入用户中心->用户中心
仇波|::1| |2016-10-08 17:21:55|分页进入用户中心->用户中心
仇波|::1| |2016-10-08 17:21:55|分页进入用户中心->用户中心
仇波|::1| |2016-10-08 17:21:55|分页进入用户中心->用户中心
仇波|::1| |2016-10-08 17:21:55|分页进入用户中心->用户中心
仇波|::1| |2016-10-08 17:21:55|分页进入用户中心->用户中心
仇波|::1| |2016-10-08 17:22:42|分页进入用户中心->用户中心
仇波|::1| |2016-10-08 17:27:43|登录管理后台。
仇波|::1| |2016-10-08 17:27:43|分页进入用户中心->用户中心
仇波|::1| |2016-10-08 17:34:36|登录管理后台。
仇波|::1| |2016-10-08 17:34:36|分页进入用户中心->用户中心
仇波|::1| |2016-10-08 17:37:09|分页进入用户中心->用户中心
仇波|::1| |2016-10-08 17:37:11|分页进入用户中心->用户中心
仇波|::1| |2016-10-08 17:37:12|分页进入用户中心->用户中心
仇波|::1| |2016-10-08 17:37:12|分页进入用户中心->用户中心
仇波|::1| |2016-10-08 17:37:12|分页进入用户中心->用户中心
仇波|::1| |2016-10-08 17:37:13|分页进入用户中心->用户中心
仇波|::1| |2016-10-08 17:37:13|分页进入用户中心->用户中心
仇波|::1| |2016-10-08 17:37:13|分页进入用户中心->用户中心
仇波|::1| |2016-10-08 17:37:47|分页进入用户中心->用户中心
仇波|::1| |2016-10-08 17:38:04|分页进入用户中心->用户中心
